test help flag
Usage: gr [OPTIONS] [FILES]

    --litriu       write misspelled words to standard output
    --html         produce HTML output for viewing in a web browser
    --xml          write tagged XML stream to standard output, for debugging
    --iomlan       report all errors (i.e. do not use ~/.neamhshuim)
    --teanga=XX    specify the language of the text to be checked (default=ga)
    --ionchod=ENC  specify the character encoding of the text to be checked
    --help         display this help and exit
    --version      output version information and exit

If no file is given, read from standard input.

Send bug reports to <scannell@slu.edu>.
test version flag
An Gramadoir, version 0.3
Copyright (C) 2003 Kevin P. Scannell
This is free software; see the source for copying conditions.  There is NO
warranty; not even for MERCHANTABILITY or FITNESS FOR A PARTICULAR PURPOSE,
to the extent permitted by law.
test litriu flag
uaktar
ayn
roach
test xml flag
<?xml version="1.0" encoding="ISO-8859-1" standalone="no"?>
<!DOCTYPE teacs SYSTEM "/dtds/gramadoir.dtd">
<teacs>
<line uimhir="1"> <V p="2ú" t="ord">Tabhair</V> <U>go</U> <A pl="n" gnt="n">leor</A> <A pl="n" gnt="n">leor</A> <S>de</S> <T>na</T> <E msg="DUBAILTE"><T>na</T></E> <N pl="y" gnt="n" gnd="m">rudaí</N> <A pl="n" gnt="n">seo</A> <S>do</S> <S>do</S> <N pl="n" gnt="n" gnd="m">chara</N>, <D>a</D> <Y>Chaoimhín</Y>. </line>
<line uimhir="2"> <Q>An</Q> <V t="láith">bhfuil</V> <A pl="n" gnt="n">aon</A> <E msg="ANAITHNID"><X>uaktar</X></E> <A>reoite</A> <O>agat</O>? </line>
<line uimhir="3"> <Q>An</Q> <V t="láith">bhfuil</V> <E msg="ANAITHNID"><X>ayn</X></E> <N pl="n" gnt="n" gnd="m">uachtar</N> <E msg="ANAITHNIDSRL"><X>roach</X></E> <O>agat</O>? </line>
<line uimhir="4"> <V t="láith">Bíonn</V> <T>an</T> <E msg="NEAMHCHOIT"><F>geál</F></E> <S>ag</S> <N pl="n" gnt="n" gnd="f">satailt</N> <S>ar</S> <T>an</T> <N pl="n" gnt="n" gnd="m">dubh</N>. </line>
<line uimhir="5"> <U>Ní</U> <V p="xx" t="caite">raibh</V> <N pl="n" gnt="n" gnd="m">líon</N> <A pl="n" gnt="n">mór</A> <N pl="y" gnt="n" gnd="m">daoine</N> <A pl="n" gnt="n">bainteach</A> <S>leis</S> <T>an</T> <E msg="CAIGHDEAN{scata}"><Y>scaifte</Y></E> <U>a</U> <V p="xx" t="caite">bhí</V> <S>ag</S> <N pl="n" gnt="n" gnd="f">iarraidh</N> <N pl="n" gnt="n" gnd="f">mioscais</N> <S>a</S> <N pl="n" gnt="n" gnd="m">chothú</N>. </line>
<line uimhir="6"> <V t="láith">Tá</V> <T>na</T> <E msg="SEIMHIU"><N pl="y" gnt="n" gnd="f">lachain</N> <A pl="y" gnt="n">slachtmhara</A></E> <S>ar</S> <N pl="n" gnt="n" gnd="f">eitilt</N>. </line>
<line uimhir="7"> <V t="láith">Tá</V> <T>an</T> <N pl="n" gnt="n" gnd="m">Rialtas</N> <V p="2ú" t="ord">tar</V> <N pl="n" gnt="n">éis</N> <N pl="n" gnt="n" gnd="f">áit</N> <T>na</T> <N pl="n" gnt="y" gnd="f">Gaeilge</N> <S>i</S> <N pl="n" gnt="n" gnd="m">saol</N> <T>na</T> <N pl="n" gnt="y" gnd="f">tíre</N> <E msg="SEIMHIU"><S>a</S> <N pl="n" gnt="n" gnd="m">ceistiú</N></E>. </line>
<line uimhir="8"> <V pl="y" p="3ú" t="caite">Bhíodar</V> <S>ag</S> <N pl="n" gnt="n" gnd="m">rá</N> <S>ar</S> <T>an</T> <N pl="n" gnt="n" gnd="m">aonach</N> <V>gur</V> <O em="y">agamsa</O> <U>a</U> <V p="xx" t="caite">bhí</V> <T>na</T> <B><Z><N pl="n" gnt="n" gnd="f" h="y"/><N pl="n" gnt="y" gnd="m" h="y"/><N pl="y" gnt="n" gnd="m" h="y"/></Z>huain</B> <E msg="SEIMHIU"><V>ab</V> <A pl="n" gnt="y" gnd="f">fearr</A></E>. </line>
<line uimhir="9"> <U>Ní</U> <V t="fáist">bheidh</V> <E msg="NISEIMHIU"><S>ach</S> <N pl="n" gnt="n" gnd="f">mhallacht</N></E> <S>i</S> <N pl="n" gnt="n" gnd="m">ndán</N> <O>dó</O> <S>ó</S> <T>na</T> <N pl="y" gnt="n" gnd="m">ciníocha</N> <C>agus</C> <N pl="n" gnt="n" gnd="m">fuath</N> <S>ó</S> <T>na</T> <N pl="y" gnt="n" gnd="m">náisiúin</N>. </line>
<line uimhir="10"> <Q>An</Q> <V t="láith">bhfuil</V> <A pl="n" gnt="n">aon</A> <N pl="n" gnt="n" gnd="m">uachtar</N> <A>reoite</A> <E msg="CLAOCHLU"><S>ar</S> <T>an</T> <N pl="n" gnt="n" gnd="m">cuntar</N></E>? </line>
</teacs>
test html flag
Currently checking triail.2
<br><br>1: Tabhair go leor leor de <b class=gramadoir>na</b> <b class=gramadoir>na</b> rudaí seo do do chara, a Chaoimhín. <br>
Repeated word.

<br><br>2: An bhfuil aon <b class=gramadoir>uaktar</b> reoite agat? <br>
Unknown word.

<br><br>3: An bhfuil <b class=gramadoir>ayn</b> uachtar <b class=gramadoir>roach</b> agat? <br>
Unknown word, Unknown word (ignoring remainder in this sentence).

<br><br>4: Bíonn an <b class=gramadoir>geál</b> ag satailt ar an dubh. <br>
Valid word but extremely rare in actual usage.

<br><br>5: Ní raibh líon mór daoine bainteach leis an <b class=gramadoir>scaifte</b> a bhí ag iarraidh mioscais a chothú. <br>
Non-standard form: perhaps use /scata/?.

<br><br>6: Tá na <b class=gramadoir>lachain slachtmhara</b> ar eitilt. <br>
Lenition missing.

<br><br>7: Tá an Rialtas tar éis áit na Gaeilge i saol na tíre <b class=gramadoir>a ceistiú</b>. <br>
Lenition missing.

<br><br>8: Bhíodar ag rá ar an aonach gur agamsa a bhí na huain <b class=gramadoir>ab fearr</b>. <br>
Lenition missing.

<br><br>9: Ní bheidh <b class=gramadoir>ach mhallacht</b> i ndán dó ó na ciníocha agus fuath ó na náisiúin. <br>
Unnecessary lenition.

<br><br>10: An bhfuil aon uachtar reoite <b class=gramadoir>ar an cuntar</b>? <br>
Initial mutation missing.

test ionchod flag and ability to read from stdin
1: Tabhair go leor leor de na na rudaí seo do do chara, a Chaoimhín. 
Repeated word.

2: An bhfuil aon uaktar reoite agat? 
Unknown word.

3: An bhfuil ayn uachtar roach agat? 
Unknown word, Unknown word (ignoring remainder in this sentence).

4: Bíonn an geál ag satailt ar an dubh. 
Valid word but extremely rare in actual usage.

5: Ní raibh líon mór daoine bainteach leis an scaifte a bhí ag iarraidh mioscais a chothú. 
Non-standard form: perhaps use /scata/?.

6: Tá na lachain slachtmhara ar eitilt. 
Lenition missing.

7: Tá an Rialtas tar éis áit na Gaeilge i saol na tíre a ceistiú. 
Lenition missing.

8: Bhíodar ag rá ar an aonach gur agamsa a bhí na huain ab fearr. 
Lenition missing.

9: Ní bheidh ach mhallacht i ndán dó ó na ciníocha agus fuath ó na náisiúin. 
Unnecessary lenition.

10: An bhfuil aon uachtar reoite ar an cuntar? 
Initial mutation missing.

test English
<?xml version="1.0" encoding="ISO-8859-1" standalone="no"?>
<!DOCTYPE teacs SYSTEM "/dtds/gramadoir.dtd">
<teacs>
<line uimhir="1"> <E msg="ANAITHNID"><X>GNU</X></E> <U>GENERAL</U> <U>PUBLIC</U> <U>LICENSE</U> <U>Version</U> 2, <U>June</U> 1991 <U>Copyright</U> (<E msg="ANAITHNIDSRL"><X>C</X></E>) 1989, 1991 <U>Free</U> <U>Software</U> <U>Foundation</U>, <U>Inc</U>. 675 <U>Mass</U> <U>Ave</U>, <U>Cambridge</U>, <X>MA</X> 02139, <X>USA</X> <U>Everyone</U> <U>is</U> <U>permitted</U> <U>to</U> <U>copy</U> <U>and</U> <U>distribute</U> <X>verbatim</X> <U>copies</U> <U>of</U> <U>this</U> <U>license</U> <U>document</U>, <U>but</U> <U>changing</U> <U>it</U> <U>is</U> <U>not</U> <U>allowed</U>. </line>
<line uimhir="9"> <E msg="ANAITHNID"><X>Preamble</X></E> <U>The</U> <U>licenses</U> <U>for</U> <U>most</U> <U>software</U> <U>are</U> <U>designed</U> <U>to</U> <U>take</U> <U>away</U> <U>your</U> <U>freedom</U> <U>to</U> <U>share</U> <U>and</U> <U>change</U> <U>it</U>. </line>
<line uimhir="12"> <U>By</U> <U>contrast</U>, <U>the</U> <E msg="ANAITHNID"><X>GNU</X></E> <U>General</U> <U>Public</U> <U>License</U> <U>is</U> <U>intended</U> <U>to</U> <U>guarantee</U> <U>your</U> <U>freedom</U> <U>to</U> <U>share</U> <U>and</U> <U>change</U> <U>free</U> <E msg="ANAITHNIDSRL"><X>software--to</X></E> <U>make</U> <U>sure</U> <U>the</U> <U>software</U> <U>is</U> <U>free</U> <U>for</U> <U>all</U> <U>its</U> <U>users</U>. </line>
<line uimhir="14"> <U>This</U> <U>General</U> <U>Public</U> <U>License</U> <U>applies</U> <U>to</U> <U>most</U> <U>of</U> <U>the</U> <U>Free</U> <U>Software</U> <U>Foundation's</U> <U>software</U> <U>and</U> <U>to</U> <U>any</U> <U>other</U> <U>program</U> <U>whose</U> <U>authors</U> <U>commit</U> <U>to</U> <U>using</U> <U>it</U>. </line>
<line uimhir="17"> (<U>Some</U> <U>other</U> <U>Free</U> <U>Software</U> <U>Foundation</U> <U>software</U> <U>is</U> <U>covered</U> <U>by</U> <U>the</U> <E msg="ANAITHNID"><X>GNU</X></E> <U>Library</U> <U>General</U> <U>Public</U> <U>License</U> <U>instead</U>.) </line>
<line uimhir="18"> <U>You</U> <U>can</U> <U>apply</U> <U>it</U> <U>to</U> <U>your</U> <U>programs</U>, <U>too</U>. </line>
<line uimhir="21"> <U>When</U> <U>we</U> <U>speak</U> <U>of</U> <U>free</U> <U>software</U>, <U>we</U> <U>are</U> <U>referring</U> <U>to</U> <U>freedom</U>, <U>not</U> <U>price</U>. </line>
<line uimhir="22"> <U>Our</U> <U>General</U> <U>Public</U> <U>Licenses</U> <U>are</U> <U>designed</U> <U>to</U> <U>make</U> <U>sure</U> <U>that</U> <U>you</U> <U>have</U> <U>the</U> <U>freedom</U> <U>to</U> <U>distribute</U> <U>copies</U> <U>of</U> <U>free</U> <U>software</U> (<U>and</U> <U>charge</U> <U>for</U> <U>this</U> <U>service</U> <U>if</U> <U>you</U> <U>wish</U>), <U>that</U> <U>you</U> <U>receive</U> <U>source</U> <U>code</U> <U>or</U> <U>can</U> <U>get</U> <U>it</U> <U>if</U> <U>you</U> <U>want</U> <U>it</U>, <U>that</U> <U>you</U> <U>can</U> <U>change</U> <U>the</U> <U>software</U> <U>or</U> <U>use</U> <U>pieces</U> <U>of</U> <U>it</U> <U>in</U> <U>new</U> <U>free</U> <U>programs</U>; <U>and</U> <U>that</U> <U>you</U> <U>know</U> <U>you</U> <U>can</U> <U>do</U> <U>these</U> <U>things</U>. </line>
<line uimhir="28"> <U>To</U> <U>protect</U> <U>your</U> <U>rights</U>, <U>we</U> <U>need</U> <U>to</U> <U>make</U> <U>restrictions</U> <U>that</U> <U>forbid</U> <U>anyone</U> <U>to</U> <U>deny</U> <U>you</U> <U>these</U> <U>rights</U> <U>or</U> <U>to</U> <U>ask</U> <U>you</U> <U>to</U> <U>surrender</U> <U>the</U> <U>rights</U>. </line>
<line uimhir="30"> <U>These</U> <U>restrictions</U> <U>translate</U> <U>to</U> <U>certain</U> <U>responsibilities</U> <U>for</U> <U>you</U> <U>if</U> <U>you</U> <U>distribute</U> <U>copies</U> <U>of</U> <U>the</U> <U>software</U>, <U>or</U> <U>if</U> <U>you</U> <U>modify</U> <U>it</U>. </line>
<line uimhir="33"> <U>For</U> <U>example</U>, <U>if</U> <U>you</U> <U>distribute</U> <U>copies</U> <U>of</U> <U>such</U> <U>a</U> <U>program</U>, <U>whether</U> <E msg="ANAITHNID"><X>gratis</X></E> <U>or</U> <U>for</U> <U>a</U> <U>fee</U>, <U>you</U> <U>must</U> <U>give</U> <U>the</U> <U>recipients</U> <U>all</U> <U>the</U> <U>rights</U> <U>that</U> <U>you</U> <U>have</U>. </line>
<line uimhir="35"> <U>You</U> <U>must</U> <U>make</U> <U>sure</U> <U>that</U> <U>they</U>, <U>too</U>, <U>receive</U> <U>or</U> <U>can</U> <U>get</U> <U>the</U> <U>source</U> <U>code</U>. </line>
<line uimhir="36"> <U>And</U> <U>you</U> <U>must</U> <U>show</U> <U>them</U> <U>these</U> <U>terms</U> <U>so</U> <U>they</U> <U>know</U> <U>their</U> <U>rights</U>. </line>
<line uimhir="39"> <U>We</U> <U>protect</U> <U>your</U> <U>rights</U> <U>with</U> <U>two</U> <U>steps</U>: (1) <U>copyright</U> <U>the</U> <U>software</U>, <U>and</U> (2) <U>offer</U> <U>you</U> <U>this</U> <U>license</U> <U>which</U> <U>gives</U> <U>you</U> <U>legal</U> <U>permission</U> <U>to</U> <U>copy</U>, <U>distribute</U> <U>and</U>/<U>or</U> <U>modify</U> <U>the</U> <U>software</U>. </line>
</teacs>
test English: ASCII character set
<?xml version="1.0" encoding="ISO-8859-1" standalone="no"?>
<!DOCTYPE teacs SYSTEM "/dtds/gramadoir.dtd">
<teacs>
<line uimhir="1"> <U>This</U> <U>string</U> <U>has</U> <E msg="ANAITHNID"><X>emb</X></E>é<E msg="ANAITHNIDSRL"><X>dded</X></E> <X>non-ASCII</X> <U>characters</U>! </line>
</teacs>
Currently checking /dev/null
test help flag
Syntax: gr [OPTIONEN] [DATEIEN]

    --litriu       falsch geschriebene Wörter auf Standardausgabe ausgeben
    --html         Ausgabe im HTML-Format erzeugen
    --xml          Ausgabe im XML-Format zu Zwecken der Fehlersuche erzeugen
    --iomlan       alle Fehler protokollieren; ~/.neamhshuim wird nicht gelesen
    --teanga=XX    Sprache des zu überprüfenden Textes (Voreinstellung=ga)
    --ionchod=ENC  Zeichensatz des zu überprüfenden Textes
    --help         diese Kurzanleitung anzeigen
    --version      Versionsnummer anzeigen

Falls keine Datei angegeben wird, wird von der Standardeingabe gelesen.

Fehlermeldungen an <scannell@slu.edu> schicken.
Probleme mit der Übersetzung an die Mailingliste de@li.org melden.
test version flag
An Gramadóir, Version 0.3
Copyright (C) 2003 Kevin P. Scannell
Dieses Programm ist freie Software; die Bedingungen, unter denen Sie es
kopieren dürfen, finden Sie in dem Quellcode. Es ist OHNE IRGENDEINE GARANTIE,
sogar ohne die implizite Garantie der MARKTREIFE oder der VERWENDBARKEIT FÜR
EINEN BESTIMMTEN ZWECK.
test litriu flag
uaktar
ayn
roach
test xml flag
<?xml version="1.0" encoding="ISO-8859-1" standalone="no"?>
<!DOCTYPE teacs SYSTEM "/dtds/gramadoir.dtd">
<teacs>
<line uimhir="1"> <V p="2ú" t="ord">Tabhair</V> <U>go</U> <A pl="n" gnt="n">leor</A> <A pl="n" gnt="n">leor</A> <S>de</S> <T>na</T> <E msg="DUBAILTE"><T>na</T></E> <N pl="y" gnt="n" gnd="m">rudaí</N> <A pl="n" gnt="n">seo</A> <S>do</S> <S>do</S> <N pl="n" gnt="n" gnd="m">chara</N>, <D>a</D> <Y>Chaoimhín</Y>. </line>
<line uimhir="2"> <Q>An</Q> <V t="láith">bhfuil</V> <A pl="n" gnt="n">aon</A> <E msg="ANAITHNID"><X>uaktar</X></E> <A>reoite</A> <O>agat</O>? </line>
<line uimhir="3"> <Q>An</Q> <V t="láith">bhfuil</V> <E msg="ANAITHNID"><X>ayn</X></E> <N pl="n" gnt="n" gnd="m">uachtar</N> <E msg="ANAITHNIDSRL"><X>roach</X></E> <O>agat</O>? </line>
<line uimhir="4"> <V t="láith">Bíonn</V> <T>an</T> <E msg="NEAMHCHOIT"><F>geál</F></E> <S>ag</S> <N pl="n" gnt="n" gnd="f">satailt</N> <S>ar</S> <T>an</T> <N pl="n" gnt="n" gnd="m">dubh</N>. </line>
<line uimhir="5"> <U>Ní</U> <V p="xx" t="caite">raibh</V> <N pl="n" gnt="n" gnd="m">líon</N> <A pl="n" gnt="n">mór</A> <N pl="y" gnt="n" gnd="m">daoine</N> <A pl="n" gnt="n">bainteach</A> <S>leis</S> <T>an</T> <E msg="CAIGHDEAN{scata}"><Y>scaifte</Y></E> <U>a</U> <V p="xx" t="caite">bhí</V> <S>ag</S> <N pl="n" gnt="n" gnd="f">iarraidh</N> <N pl="n" gnt="n" gnd="f">mioscais</N> <S>a</S> <N pl="n" gnt="n" gnd="m">chothú</N>. </line>
<line uimhir="6"> <V t="láith">Tá</V> <T>na</T> <E msg="SEIMHIU"><N pl="y" gnt="n" gnd="f">lachain</N> <A pl="y" gnt="n">slachtmhara</A></E> <S>ar</S> <N pl="n" gnt="n" gnd="f">eitilt</N>. </line>
<line uimhir="7"> <V t="láith">Tá</V> <T>an</T> <N pl="n" gnt="n" gnd="m">Rialtas</N> <V p="2ú" t="ord">tar</V> <N pl="n" gnt="n">éis</N> <N pl="n" gnt="n" gnd="f">áit</N> <T>na</T> <N pl="n" gnt="y" gnd="f">Gaeilge</N> <S>i</S> <N pl="n" gnt="n" gnd="m">saol</N> <T>na</T> <N pl="n" gnt="y" gnd="f">tíre</N> <E msg="SEIMHIU"><S>a</S> <N pl="n" gnt="n" gnd="m">ceistiú</N></E>. </line>
<line uimhir="8"> <V pl="y" p="3ú" t="caite">Bhíodar</V> <S>ag</S> <N pl="n" gnt="n" gnd="m">rá</N> <S>ar</S> <T>an</T> <N pl="n" gnt="n" gnd="m">aonach</N> <V>gur</V> <O em="y">agamsa</O> <U>a</U> <V p="xx" t="caite">bhí</V> <T>na</T> <B><Z><N pl="n" gnt="n" gnd="f" h="y"/><N pl="n" gnt="y" gnd="m" h="y"/><N pl="y" gnt="n" gnd="m" h="y"/></Z>huain</B> <E msg="SEIMHIU"><V>ab</V> <A pl="n" gnt="y" gnd="f">fearr</A></E>. </line>
<line uimhir="9"> <U>Ní</U> <V t="fáist">bheidh</V> <E msg="NISEIMHIU"><S>ach</S> <N pl="n" gnt="n" gnd="f">mhallacht</N></E> <S>i</S> <N pl="n" gnt="n" gnd="m">ndán</N> <O>dó</O> <S>ó</S> <T>na</T> <N pl="y" gnt="n" gnd="m">ciníocha</N> <C>agus</C> <N pl="n" gnt="n" gnd="m">fuath</N> <S>ó</S> <T>na</T> <N pl="y" gnt="n" gnd="m">náisiúin</N>. </line>
<line uimhir="10"> <Q>An</Q> <V t="láith">bhfuil</V> <A pl="n" gnt="n">aon</A> <N pl="n" gnt="n" gnd="m">uachtar</N> <A>reoite</A> <E msg="CLAOCHLU"><S>ar</S> <T>an</T> <N pl="n" gnt="n" gnd="m">cuntar</N></E>? </line>
</teacs>
test html flag
triail.2 wird gerade geprüft
<br><br>1: Tabhair go leor leor de <b class=gramadoir>na</b> <b class=gramadoir>na</b> rudaí seo do do chara, a Chaoimhín. <br>
Repeated word.

<br><br>2: An bhfuil aon <b class=gramadoir>uaktar</b> reoite agat? <br>
Unbekanntes Wort.

<br><br>3: An bhfuil <b class=gramadoir>ayn</b> uachtar <b class=gramadoir>roach</b> agat? <br>
Unbekanntes Wort, Unbekanntes Wort (der Satz wird nicht weiter bearbeitet).

<br><br>4: Bíonn an <b class=gramadoir>geál</b> ag satailt ar an dubh. <br>
Valid word but extremely rare in actual usage.

<br><br>5: Ní raibh líon mór daoine bainteach leis an <b class=gramadoir>scaifte</b> a bhí ag iarraidh mioscais a chothú. <br>
Nicht dem Standard entsprechende Form: vielleicht besser /scata/ benutzen?.

<br><br>6: Tá na <b class=gramadoir>lachain slachtmhara</b> ar eitilt. <br>
Lenierung fehlt.

<br><br>7: Tá an Rialtas tar éis áit na Gaeilge i saol na tíre <b class=gramadoir>a ceistiú</b>. <br>
Lenierung fehlt.

<br><br>8: Bhíodar ag rá ar an aonach gur agamsa a bhí na huain <b class=gramadoir>ab fearr</b>. <br>
Lenierung fehlt.

<br><br>9: Ní bheidh <b class=gramadoir>ach mhallacht</b> i ndán dó ó na ciníocha agus fuath ó na náisiúin. <br>
Unnötige Lenierung.

<br><br>10: An bhfuil aon uachtar reoite <b class=gramadoir>ar an cuntar</b>? <br>
Veränderung am Anfang des Wortes fehlt.

test ionchod flag and ability to read from stdin
1: Tabhair go leor leor de na na rudaí seo do do chara, a Chaoimhín. 
Repeated word.

2: An bhfuil aon uaktar reoite agat? 
Unbekanntes Wort.

3: An bhfuil ayn uachtar roach agat? 
Unbekanntes Wort, Unbekanntes Wort (der Satz wird nicht weiter bearbeitet).

4: Bíonn an geál ag satailt ar an dubh. 
Valid word but extremely rare in actual usage.

5: Ní raibh líon mór daoine bainteach leis an scaifte a bhí ag iarraidh mioscais a chothú. 
Nicht dem Standard entsprechende Form: vielleicht besser /scata/ benutzen?.

6: Tá na lachain slachtmhara ar eitilt. 
Lenierung fehlt.

7: Tá an Rialtas tar éis áit na Gaeilge i saol na tíre a ceistiú. 
Lenierung fehlt.

8: Bhíodar ag rá ar an aonach gur agamsa a bhí na huain ab fearr. 
Lenierung fehlt.

9: Ní bheidh ach mhallacht i ndán dó ó na ciníocha agus fuath ó na náisiúin. 
Unnötige Lenierung.

10: An bhfuil aon uachtar reoite ar an cuntar? 
Veränderung am Anfang des Wortes fehlt.

test English
<?xml version="1.0" encoding="ISO-8859-1" standalone="no"?>
<!DOCTYPE teacs SYSTEM "/dtds/gramadoir.dtd">
<teacs>
<line uimhir="1"> <E msg="ANAITHNID"><X>GNU</X></E> <U>GENERAL</U> <U>PUBLIC</U> <U>LICENSE</U> <U>Version</U> 2, <U>June</U> 1991 <U>Copyright</U> (<E msg="ANAITHNIDSRL"><X>C</X></E>) 1989, 1991 <U>Free</U> <U>Software</U> <U>Foundation</U>, <U>Inc</U>. 675 <U>Mass</U> <U>Ave</U>, <U>Cambridge</U>, <X>MA</X> 02139, <X>USA</X> <U>Everyone</U> <U>is</U> <U>permitted</U> <U>to</U> <U>copy</U> <U>and</U> <U>distribute</U> <X>verbatim</X> <U>copies</U> <U>of</U> <U>this</U> <U>license</U> <U>document</U>, <U>but</U> <U>changing</U> <U>it</U> <U>is</U> <U>not</U> <U>allowed</U>. </line>
<line uimhir="9"> <E msg="ANAITHNID"><X>Preamble</X></E> <U>The</U> <U>licenses</U> <U>for</U> <U>most</U> <U>software</U> <U>are</U> <U>designed</U> <U>to</U> <U>take</U> <U>away</U> <U>your</U> <U>freedom</U> <U>to</U> <U>share</U> <U>and</U> <U>change</U> <U>it</U>. </line>
<line uimhir="12"> <U>By</U> <U>contrast</U>, <U>the</U> <E msg="ANAITHNID"><X>GNU</X></E> <U>General</U> <U>Public</U> <U>License</U> <U>is</U> <U>intended</U> <U>to</U> <U>guarantee</U> <U>your</U> <U>freedom</U> <U>to</U> <U>share</U> <U>and</U> <U>change</U> <U>free</U> <E msg="ANAITHNIDSRL"><X>software--to</X></E> <U>make</U> <U>sure</U> <U>the</U> <U>software</U> <U>is</U> <U>free</U> <U>for</U> <U>all</U> <U>its</U> <U>users</U>. </line>
<line uimhir="14"> <U>This</U> <U>General</U> <U>Public</U> <U>License</U> <U>applies</U> <U>to</U> <U>most</U> <U>of</U> <U>the</U> <U>Free</U> <U>Software</U> <U>Foundation's</U> <U>software</U> <U>and</U> <U>to</U> <U>any</U> <U>other</U> <U>program</U> <U>whose</U> <U>authors</U> <U>commit</U> <U>to</U> <U>using</U> <U>it</U>. </line>
<line uimhir="17"> (<U>Some</U> <U>other</U> <U>Free</U> <U>Software</U> <U>Foundation</U> <U>software</U> <U>is</U> <U>covered</U> <U>by</U> <U>the</U> <E msg="ANAITHNID"><X>GNU</X></E> <U>Library</U> <U>General</U> <U>Public</U> <U>License</U> <U>instead</U>.) </line>
<line uimhir="18"> <U>You</U> <U>can</U> <U>apply</U> <U>it</U> <U>to</U> <U>your</U> <U>programs</U>, <U>too</U>. </line>
<line uimhir="21"> <U>When</U> <U>we</U> <U>speak</U> <U>of</U> <U>free</U> <U>software</U>, <U>we</U> <U>are</U> <U>referring</U> <U>to</U> <U>freedom</U>, <U>not</U> <U>price</U>. </line>
<line uimhir="22"> <U>Our</U> <U>General</U> <U>Public</U> <U>Licenses</U> <U>are</U> <U>designed</U> <U>to</U> <U>make</U> <U>sure</U> <U>that</U> <U>you</U> <U>have</U> <U>the</U> <U>freedom</U> <U>to</U> <U>distribute</U> <U>copies</U> <U>of</U> <U>free</U> <U>software</U> (<U>and</U> <U>charge</U> <U>for</U> <U>this</U> <U>service</U> <U>if</U> <U>you</U> <U>wish</U>), <U>that</U> <U>you</U> <U>receive</U> <U>source</U> <U>code</U> <U>or</U> <U>can</U> <U>get</U> <U>it</U> <U>if</U> <U>you</U> <U>want</U> <U>it</U>, <U>that</U> <U>you</U> <U>can</U> <U>change</U> <U>the</U> <U>software</U> <U>or</U> <U>use</U> <U>pieces</U> <U>of</U> <U>it</U> <U>in</U> <U>new</U> <U>free</U> <U>programs</U>; <U>and</U> <U>that</U> <U>you</U> <U>know</U> <U>you</U> <U>can</U> <U>do</U> <U>these</U> <U>things</U>. </line>
<line uimhir="28"> <U>To</U> <U>protect</U> <U>your</U> <U>rights</U>, <U>we</U> <U>need</U> <U>to</U> <U>make</U> <U>restrictions</U> <U>that</U> <U>forbid</U> <U>anyone</U> <U>to</U> <U>deny</U> <U>you</U> <U>these</U> <U>rights</U> <U>or</U> <U>to</U> <U>ask</U> <U>you</U> <U>to</U> <U>surrender</U> <U>the</U> <U>rights</U>. </line>
<line uimhir="30"> <U>These</U> <U>restrictions</U> <U>translate</U> <U>to</U> <U>certain</U> <U>responsibilities</U> <U>for</U> <U>you</U> <U>if</U> <U>you</U> <U>distribute</U> <U>copies</U> <U>of</U> <U>the</U> <U>software</U>, <U>or</U> <U>if</U> <U>you</U> <U>modify</U> <U>it</U>. </line>
<line uimhir="33"> <U>For</U> <U>example</U>, <U>if</U> <U>you</U> <U>distribute</U> <U>copies</U> <U>of</U> <U>such</U> <U>a</U> <U>program</U>, <U>whether</U> <E msg="ANAITHNID"><X>gratis</X></E> <U>or</U> <U>for</U> <U>a</U> <U>fee</U>, <U>you</U> <U>must</U> <U>give</U> <U>the</U> <U>recipients</U> <U>all</U> <U>the</U> <U>rights</U> <U>that</U> <U>you</U> <U>have</U>. </line>
<line uimhir="35"> <U>You</U> <U>must</U> <U>make</U> <U>sure</U> <U>that</U> <U>they</U>, <U>too</U>, <U>receive</U> <U>or</U> <U>can</U> <U>get</U> <U>the</U> <U>source</U> <U>code</U>. </line>
<line uimhir="36"> <U>And</U> <U>you</U> <U>must</U> <U>show</U> <U>them</U> <U>these</U> <U>terms</U> <U>so</U> <U>they</U> <U>know</U> <U>their</U> <U>rights</U>. </line>
<line uimhir="39"> <U>We</U> <U>protect</U> <U>your</U> <U>rights</U> <U>with</U> <U>two</U> <U>steps</U>: (1) <U>copyright</U> <U>the</U> <U>software</U>, <U>and</U> (2) <U>offer</U> <U>you</U> <U>this</U> <U>license</U> <U>which</U> <U>gives</U> <U>you</U> <U>legal</U> <U>permission</U> <U>to</U> <U>copy</U>, <U>distribute</U> <U>and</U>/<U>or</U> <U>modify</U> <U>the</U> <U>software</U>. </line>
</teacs>
test English: ASCII character set
<?xml version="1.0" encoding="ISO-8859-1" standalone="no"?>
<!DOCTYPE teacs SYSTEM "/dtds/gramadoir.dtd">
<teacs>
<line uimhir="1"> <U>This</U> <U>string</U> <U>has</U> <E msg="ANAITHNID"><X>emb</X></E>é<E msg="ANAITHNIDSRL"><X>dded</X></E> <X>non-ASCII</X> <U>characters</U>! </line>
</teacs>
/dev/null wird gerade geprüft
test help flag
Úsáid: gr [ROGHANNA] [COMHAD]

    --litriu       scríobh focail mílitrithe chuig an aschur caighdeánach
    --html         aschur i gcruth HTML chun féachaint le brabhsálaí
    --xml          scríobh sruth XML chuig aschur caighdeánach, chun dífhabhtú
    --iomlan       taispeáin gach earráid (.i. ná húsáid ~/.neamhshuim)
    --teanga=XX    socraigh an teanga den téacs le seiceáil (loicthe=ga)
    --ionchod=CÓD  socraigh an t-ionchódú den téacs le seiceáil
    --help         taispeáin an chabhair seo agus éirigh as
    --version      taispeáin eolas faoin leagan agus éirigh as

Mura bhfuil comhad ann, léigh ón ionchur caighdeánach.

Seol tuairiscí fabhtanna chuig <scannell@slu.edu>.
test version flag
An Gramadóir, leagan 0.3
Copyright (C) 2003 Kevin P. Scannell
Is saorbhogearra an ríomhchlár seo; féach ar an bhunchód le haghaidh
coinníollacha cóipeála.  Níl baránta AR BITH ann; go fiú níl baránta ann
d'INDÍOLTACHT nó FEILIÚNACHT DO FHEIDHM AR LEITH, an oiread atá ceadaithe
de réir dlí.
test litriu flag
uaktar
ayn
roach
test xml flag
<?xml version="1.0" encoding="ISO-8859-1" standalone="no"?>
<!DOCTYPE teacs SYSTEM "/dtds/gramadoir.dtd">
<teacs>
<line uimhir="1"> <V p="2ú" t="ord">Tabhair</V> <U>go</U> <A pl="n" gnt="n">leor</A> <A pl="n" gnt="n">leor</A> <S>de</S> <T>na</T> <E msg="DUBAILTE"><T>na</T></E> <N pl="y" gnt="n" gnd="m">rudaí</N> <A pl="n" gnt="n">seo</A> <S>do</S> <S>do</S> <N pl="n" gnt="n" gnd="m">chara</N>, <D>a</D> <Y>Chaoimhín</Y>. </line>
<line uimhir="2"> <Q>An</Q> <V t="láith">bhfuil</V> <A pl="n" gnt="n">aon</A> <E msg="ANAITHNID"><X>uaktar</X></E> <A>reoite</A> <O>agat</O>? </line>
<line uimhir="3"> <Q>An</Q> <V t="láith">bhfuil</V> <E msg="ANAITHNID"><X>ayn</X></E> <N pl="n" gnt="n" gnd="m">uachtar</N> <E msg="ANAITHNIDSRL"><X>roach</X></E> <O>agat</O>? </line>
<line uimhir="4"> <V t="láith">Bíonn</V> <T>an</T> <E msg="NEAMHCHOIT"><F>geál</F></E> <S>ag</S> <N pl="n" gnt="n" gnd="f">satailt</N> <S>ar</S> <T>an</T> <N pl="n" gnt="n" gnd="m">dubh</N>. </line>
<line uimhir="5"> <U>Ní</U> <V p="xx" t="caite">raibh</V> <N pl="n" gnt="n" gnd="m">líon</N> <A pl="n" gnt="n">mór</A> <N pl="y" gnt="n" gnd="m">daoine</N> <A pl="n" gnt="n">bainteach</A> <S>leis</S> <T>an</T> <E msg="CAIGHDEAN{scata}"><Y>scaifte</Y></E> <U>a</U> <V p="xx" t="caite">bhí</V> <S>ag</S> <N pl="n" gnt="n" gnd="f">iarraidh</N> <N pl="n" gnt="n" gnd="f">mioscais</N> <S>a</S> <N pl="n" gnt="n" gnd="m">chothú</N>. </line>
<line uimhir="6"> <V t="láith">Tá</V> <T>na</T> <E msg="SEIMHIU"><N pl="y" gnt="n" gnd="f">lachain</N> <A pl="y" gnt="n">slachtmhara</A></E> <S>ar</S> <N pl="n" gnt="n" gnd="f">eitilt</N>. </line>
<line uimhir="7"> <V t="láith">Tá</V> <T>an</T> <N pl="n" gnt="n" gnd="m">Rialtas</N> <V p="2ú" t="ord">tar</V> <N pl="n" gnt="n">éis</N> <N pl="n" gnt="n" gnd="f">áit</N> <T>na</T> <N pl="n" gnt="y" gnd="f">Gaeilge</N> <S>i</S> <N pl="n" gnt="n" gnd="m">saol</N> <T>na</T> <N pl="n" gnt="y" gnd="f">tíre</N> <E msg="SEIMHIU"><S>a</S> <N pl="n" gnt="n" gnd="m">ceistiú</N></E>. </line>
<line uimhir="8"> <V pl="y" p="3ú" t="caite">Bhíodar</V> <S>ag</S> <N pl="n" gnt="n" gnd="m">rá</N> <S>ar</S> <T>an</T> <N pl="n" gnt="n" gnd="m">aonach</N> <V>gur</V> <O em="y">agamsa</O> <U>a</U> <V p="xx" t="caite">bhí</V> <T>na</T> <B><Z><N pl="n" gnt="n" gnd="f" h="y"/><N pl="n" gnt="y" gnd="m" h="y"/><N pl="y" gnt="n" gnd="m" h="y"/></Z>huain</B> <E msg="SEIMHIU"><V>ab</V> <A pl="n" gnt="y" gnd="f">fearr</A></E>. </line>
<line uimhir="9"> <U>Ní</U> <V t="fáist">bheidh</V> <E msg="NISEIMHIU"><S>ach</S> <N pl="n" gnt="n" gnd="f">mhallacht</N></E> <S>i</S> <N pl="n" gnt="n" gnd="m">ndán</N> <O>dó</O> <S>ó</S> <T>na</T> <N pl="y" gnt="n" gnd="m">ciníocha</N> <C>agus</C> <N pl="n" gnt="n" gnd="m">fuath</N> <S>ó</S> <T>na</T> <N pl="y" gnt="n" gnd="m">náisiúin</N>. </line>
<line uimhir="10"> <Q>An</Q> <V t="láith">bhfuil</V> <A pl="n" gnt="n">aon</A> <N pl="n" gnt="n" gnd="m">uachtar</N> <A>reoite</A> <E msg="CLAOCHLU"><S>ar</S> <T>an</T> <N pl="n" gnt="n" gnd="m">cuntar</N></E>? </line>
</teacs>
test html flag
Ag seiceáil triail.2
<br><br>1: Tabhair go leor leor de <b class=gramadoir>na</b> <b class=gramadoir>na</b> rudaí seo do do chara, a Chaoimhín. <br>
Focal céanna faoi dhó.

<br><br>2: An bhfuil aon <b class=gramadoir>uaktar</b> reoite agat? <br>
Focal anaithnid.

<br><br>3: An bhfuil <b class=gramadoir>ayn</b> uachtar <b class=gramadoir>roach</b> agat? <br>
Focal anaithnid, Focal anaithnid (scaoilfear an chuid eile san abairt seo).

<br><br>4: Bíonn an <b class=gramadoir>geál</b> ag satailt ar an dubh. <br>
Focal bailí ach fíor-neamhchoitianta in úsáid iarbhír.

<br><br>5: Ní raibh líon mór daoine bainteach leis an <b class=gramadoir>scaifte</b> a bhí ag iarraidh mioscais a chothú. <br>
Focal neamhchaighdeánach: ar mhaith leat /scata/?.

<br><br>6: Tá na <b class=gramadoir>lachain slachtmhara</b> ar eitilt. <br>
Séimhiú ar iarraidh.

<br><br>7: Tá an Rialtas tar éis áit na Gaeilge i saol na tíre <b class=gramadoir>a ceistiú</b>. <br>
Séimhiú ar iarraidh.

<br><br>8: Bhíodar ag rá ar an aonach gur agamsa a bhí na huain <b class=gramadoir>ab fearr</b>. <br>
Séimhiú ar iarraidh.

<br><br>9: Ní bheidh <b class=gramadoir>ach mhallacht</b> i ndán dó ó na ciníocha agus fuath ó na náisiúin. <br>
Séimhiú gan ghá.

<br><br>10: An bhfuil aon uachtar reoite <b class=gramadoir>ar an cuntar</b>? <br>
Séimhiú nó urú ar iarraidh.

test ionchod flag and ability to read from stdin
1: Tabhair go leor leor de na na rudaí seo do do chara, a Chaoimhín. 
Focal céanna faoi dhó.

2: An bhfuil aon uaktar reoite agat? 
Focal anaithnid.

3: An bhfuil ayn uachtar roach agat? 
Focal anaithnid, Focal anaithnid (scaoilfear an chuid eile san abairt seo).

4: Bíonn an geál ag satailt ar an dubh. 
Focal bailí ach fíor-neamhchoitianta in úsáid iarbhír.

5: Ní raibh líon mór daoine bainteach leis an scaifte a bhí ag iarraidh mioscais a chothú. 
Focal neamhchaighdeánach: ar mhaith leat /scata/?.

6: Tá na lachain slachtmhara ar eitilt. 
Séimhiú ar iarraidh.

7: Tá an Rialtas tar éis áit na Gaeilge i saol na tíre a ceistiú. 
Séimhiú ar iarraidh.

8: Bhíodar ag rá ar an aonach gur agamsa a bhí na huain ab fearr. 
Séimhiú ar iarraidh.

9: Ní bheidh ach mhallacht i ndán dó ó na ciníocha agus fuath ó na náisiúin. 
Séimhiú gan ghá.

10: An bhfuil aon uachtar reoite ar an cuntar? 
Séimhiú nó urú ar iarraidh.

test English
<?xml version="1.0" encoding="ISO-8859-1" standalone="no"?>
<!DOCTYPE teacs SYSTEM "/dtds/gramadoir.dtd">
<teacs>
<line uimhir="1"> <E msg="ANAITHNID"><X>GNU</X></E> <U>GENERAL</U> <U>PUBLIC</U> <U>LICENSE</U> <U>Version</U> 2, <U>June</U> 1991 <U>Copyright</U> (<E msg="ANAITHNIDSRL"><X>C</X></E>) 1989, 1991 <U>Free</U> <U>Software</U> <U>Foundation</U>, <U>Inc</U>. 675 <U>Mass</U> <U>Ave</U>, <U>Cambridge</U>, <X>MA</X> 02139, <X>USA</X> <U>Everyone</U> <U>is</U> <U>permitted</U> <U>to</U> <U>copy</U> <U>and</U> <U>distribute</U> <X>verbatim</X> <U>copies</U> <U>of</U> <U>this</U> <U>license</U> <U>document</U>, <U>but</U> <U>changing</U> <U>it</U> <U>is</U> <U>not</U> <U>allowed</U>. </line>
<line uimhir="9"> <E msg="ANAITHNID"><X>Preamble</X></E> <U>The</U> <U>licenses</U> <U>for</U> <U>most</U> <U>software</U> <U>are</U> <U>designed</U> <U>to</U> <U>take</U> <U>away</U> <U>your</U> <U>freedom</U> <U>to</U> <U>share</U> <U>and</U> <U>change</U> <U>it</U>. </line>
<line uimhir="12"> <U>By</U> <U>contrast</U>, <U>the</U> <E msg="ANAITHNID"><X>GNU</X></E> <U>General</U> <U>Public</U> <U>License</U> <U>is</U> <U>intended</U> <U>to</U> <U>guarantee</U> <U>your</U> <U>freedom</U> <U>to</U> <U>share</U> <U>and</U> <U>change</U> <U>free</U> <E msg="ANAITHNIDSRL"><X>software--to</X></E> <U>make</U> <U>sure</U> <U>the</U> <U>software</U> <U>is</U> <U>free</U> <U>for</U> <U>all</U> <U>its</U> <U>users</U>. </line>
<line uimhir="14"> <U>This</U> <U>General</U> <U>Public</U> <U>License</U> <U>applies</U> <U>to</U> <U>most</U> <U>of</U> <U>the</U> <U>Free</U> <U>Software</U> <U>Foundation's</U> <U>software</U> <U>and</U> <U>to</U> <U>any</U> <U>other</U> <U>program</U> <U>whose</U> <U>authors</U> <U>commit</U> <U>to</U> <U>using</U> <U>it</U>. </line>
<line uimhir="17"> (<U>Some</U> <U>other</U> <U>Free</U> <U>Software</U> <U>Foundation</U> <U>software</U> <U>is</U> <U>covered</U> <U>by</U> <U>the</U> <E msg="ANAITHNID"><X>GNU</X></E> <U>Library</U> <U>General</U> <U>Public</U> <U>License</U> <U>instead</U>.) </line>
<line uimhir="18"> <U>You</U> <U>can</U> <U>apply</U> <U>it</U> <U>to</U> <U>your</U> <U>programs</U>, <U>too</U>. </line>
<line uimhir="21"> <U>When</U> <U>we</U> <U>speak</U> <U>of</U> <U>free</U> <U>software</U>, <U>we</U> <U>are</U> <U>referring</U> <U>to</U> <U>freedom</U>, <U>not</U> <U>price</U>. </line>
<line uimhir="22"> <U>Our</U> <U>General</U> <U>Public</U> <U>Licenses</U> <U>are</U> <U>designed</U> <U>to</U> <U>make</U> <U>sure</U> <U>that</U> <U>you</U> <U>have</U> <U>the</U> <U>freedom</U> <U>to</U> <U>distribute</U> <U>copies</U> <U>of</U> <U>free</U> <U>software</U> (<U>and</U> <U>charge</U> <U>for</U> <U>this</U> <U>service</U> <U>if</U> <U>you</U> <U>wish</U>), <U>that</U> <U>you</U> <U>receive</U> <U>source</U> <U>code</U> <U>or</U> <U>can</U> <U>get</U> <U>it</U> <U>if</U> <U>you</U> <U>want</U> <U>it</U>, <U>that</U> <U>you</U> <U>can</U> <U>change</U> <U>the</U> <U>software</U> <U>or</U> <U>use</U> <U>pieces</U> <U>of</U> <U>it</U> <U>in</U> <U>new</U> <U>free</U> <U>programs</U>; <U>and</U> <U>that</U> <U>you</U> <U>know</U> <U>you</U> <U>can</U> <U>do</U> <U>these</U> <U>things</U>. </line>
<line uimhir="28"> <U>To</U> <U>protect</U> <U>your</U> <U>rights</U>, <U>we</U> <U>need</U> <U>to</U> <U>make</U> <U>restrictions</U> <U>that</U> <U>forbid</U> <U>anyone</U> <U>to</U> <U>deny</U> <U>you</U> <U>these</U> <U>rights</U> <U>or</U> <U>to</U> <U>ask</U> <U>you</U> <U>to</U> <U>surrender</U> <U>the</U> <U>rights</U>. </line>
<line uimhir="30"> <U>These</U> <U>restrictions</U> <U>translate</U> <U>to</U> <U>certain</U> <U>responsibilities</U> <U>for</U> <U>you</U> <U>if</U> <U>you</U> <U>distribute</U> <U>copies</U> <U>of</U> <U>the</U> <U>software</U>, <U>or</U> <U>if</U> <U>you</U> <U>modify</U> <U>it</U>. </line>
<line uimhir="33"> <U>For</U> <U>example</U>, <U>if</U> <U>you</U> <U>distribute</U> <U>copies</U> <U>of</U> <U>such</U> <U>a</U> <U>program</U>, <U>whether</U> <E msg="ANAITHNID"><X>gratis</X></E> <U>or</U> <U>for</U> <U>a</U> <U>fee</U>, <U>you</U> <U>must</U> <U>give</U> <U>the</U> <U>recipients</U> <U>all</U> <U>the</U> <U>rights</U> <U>that</U> <U>you</U> <U>have</U>. </line>
<line uimhir="35"> <U>You</U> <U>must</U> <U>make</U> <U>sure</U> <U>that</U> <U>they</U>, <U>too</U>, <U>receive</U> <U>or</U> <U>can</U> <U>get</U> <U>the</U> <U>source</U> <U>code</U>. </line>
<line uimhir="36"> <U>And</U> <U>you</U> <U>must</U> <U>show</U> <U>them</U> <U>these</U> <U>terms</U> <U>so</U> <U>they</U> <U>know</U> <U>their</U> <U>rights</U>. </line>
<line uimhir="39"> <U>We</U> <U>protect</U> <U>your</U> <U>rights</U> <U>with</U> <U>two</U> <U>steps</U>: (1) <U>copyright</U> <U>the</U> <U>software</U>, <U>and</U> (2) <U>offer</U> <U>you</U> <U>this</U> <U>license</U> <U>which</U> <U>gives</U> <U>you</U> <U>legal</U> <U>permission</U> <U>to</U> <U>copy</U>, <U>distribute</U> <U>and</U>/<U>or</U> <U>modify</U> <U>the</U> <U>software</U>. </line>
</teacs>
test English: ASCII character set
<?xml version="1.0" encoding="ISO-8859-1" standalone="no"?>
<!DOCTYPE teacs SYSTEM "/dtds/gramadoir.dtd">
<teacs>
<line uimhir="1"> <U>This</U> <U>string</U> <U>has</U> <E msg="ANAITHNID"><X>emb</X></E>é<E msg="ANAITHNIDSRL"><X>dded</X></E> <X>non-ASCII</X> <U>characters</U>! </line>
</teacs>
Ag seiceáil /dev/null
test help flag
Folosire: gr [OPÞIUNI] [FIªIERE]

    --litriu       scrie cuvintele greºite la ieºirea standard
    --html         produce output HTML pentru vizualizarea într-un browser de web
    --xml          scrie secvenþã XML marcat(tagged) la ieºirea standard, pentru debugging
    --iomlan       raporteazã toate erorile (i.e. nu se foloseºte ~/.neamhshuim)
    --teanga=XX    specificã limba textului care urmeazã a fi verificat(implicit=ga)
    --ionchod=ENC  specificã codarea(encoding) de textului ce urmeazã a fi verificat
    --help         afiºeazã acest help ºi iese
    --version      afiºeazã informaþii despre versiune ºi iese

Dacã nu este furnizat nici un fiºier, se citeºte de la intrarea standard.

Trimiteþi rapoarte de bug-uri la <scannell@slu.edu>.
test version flag
Un Gramadoir, versiunea 0.3
Copyright (C) 2003 Kevin P. Scannell
Acesta este software liber; citiþi sursele pentru condiþiile de copiere.  NU existã
NICI o garanþie; nici mãcar pentru VANDABILITATE SAU MODIFICARE ÎNTR-UN SCOP PRIVAT,
pe întinderea permisã de lege.
test litriu flag
uaktar
ayn
roach
test xml flag
<?xml version="1.0" encoding="ISO-8859-1" standalone="no"?>
<!DOCTYPE teacs SYSTEM "/dtds/gramadoir.dtd">
<teacs>
<line uimhir="1"> <V p="2ú" t="ord">Tabhair</V> <U>go</U> <A pl="n" gnt="n">leor</A> <A pl="n" gnt="n">leor</A> <S>de</S> <T>na</T> <E msg="DUBAILTE"><T>na</T></E> <N pl="y" gnt="n" gnd="m">rudaí</N> <A pl="n" gnt="n">seo</A> <S>do</S> <S>do</S> <N pl="n" gnt="n" gnd="m">chara</N>, <D>a</D> <Y>Chaoimhín</Y>. </line>
<line uimhir="2"> <Q>An</Q> <V t="láith">bhfuil</V> <A pl="n" gnt="n">aon</A> <E msg="ANAITHNID"><X>uaktar</X></E> <A>reoite</A> <O>agat</O>? </line>
<line uimhir="3"> <Q>An</Q> <V t="láith">bhfuil</V> <E msg="ANAITHNID"><X>ayn</X></E> <N pl="n" gnt="n" gnd="m">uachtar</N> <E msg="ANAITHNIDSRL"><X>roach</X></E> <O>agat</O>? </line>
<line uimhir="4"> <V t="láith">Bíonn</V> <T>an</T> <E msg="NEAMHCHOIT"><F>geál</F></E> <S>ag</S> <N pl="n" gnt="n" gnd="f">satailt</N> <S>ar</S> <T>an</T> <N pl="n" gnt="n" gnd="m">dubh</N>. </line>
<line uimhir="5"> <U>Ní</U> <V p="xx" t="caite">raibh</V> <N pl="n" gnt="n" gnd="m">líon</N> <A pl="n" gnt="n">mór</A> <N pl="y" gnt="n" gnd="m">daoine</N> <A pl="n" gnt="n">bainteach</A> <S>leis</S> <T>an</T> <E msg="CAIGHDEAN{scata}"><Y>scaifte</Y></E> <U>a</U> <V p="xx" t="caite">bhí</V> <S>ag</S> <N pl="n" gnt="n" gnd="f">iarraidh</N> <N pl="n" gnt="n" gnd="f">mioscais</N> <S>a</S> <N pl="n" gnt="n" gnd="m">chothú</N>. </line>
<line uimhir="6"> <V t="láith">Tá</V> <T>na</T> <E msg="SEIMHIU"><N pl="y" gnt="n" gnd="f">lachain</N> <A pl="y" gnt="n">slachtmhara</A></E> <S>ar</S> <N pl="n" gnt="n" gnd="f">eitilt</N>. </line>
<line uimhir="7"> <V t="láith">Tá</V> <T>an</T> <N pl="n" gnt="n" gnd="m">Rialtas</N> <V p="2ú" t="ord">tar</V> <N pl="n" gnt="n">éis</N> <N pl="n" gnt="n" gnd="f">áit</N> <T>na</T> <N pl="n" gnt="y" gnd="f">Gaeilge</N> <S>i</S> <N pl="n" gnt="n" gnd="m">saol</N> <T>na</T> <N pl="n" gnt="y" gnd="f">tíre</N> <E msg="SEIMHIU"><S>a</S> <N pl="n" gnt="n" gnd="m">ceistiú</N></E>. </line>
<line uimhir="8"> <V pl="y" p="3ú" t="caite">Bhíodar</V> <S>ag</S> <N pl="n" gnt="n" gnd="m">rá</N> <S>ar</S> <T>an</T> <N pl="n" gnt="n" gnd="m">aonach</N> <V>gur</V> <O em="y">agamsa</O> <U>a</U> <V p="xx" t="caite">bhí</V> <T>na</T> <B><Z><N pl="n" gnt="n" gnd="f" h="y"/><N pl="n" gnt="y" gnd="m" h="y"/><N pl="y" gnt="n" gnd="m" h="y"/></Z>huain</B> <E msg="SEIMHIU"><V>ab</V> <A pl="n" gnt="y" gnd="f">fearr</A></E>. </line>
<line uimhir="9"> <U>Ní</U> <V t="fáist">bheidh</V> <E msg="NISEIMHIU"><S>ach</S> <N pl="n" gnt="n" gnd="f">mhallacht</N></E> <S>i</S> <N pl="n" gnt="n" gnd="m">ndán</N> <O>dó</O> <S>ó</S> <T>na</T> <N pl="y" gnt="n" gnd="m">ciníocha</N> <C>agus</C> <N pl="n" gnt="n" gnd="m">fuath</N> <S>ó</S> <T>na</T> <N pl="y" gnt="n" gnd="m">náisiúin</N>. </line>
<line uimhir="10"> <Q>An</Q> <V t="láith">bhfuil</V> <A pl="n" gnt="n">aon</A> <N pl="n" gnt="n" gnd="m">uachtar</N> <A>reoite</A> <E msg="CLAOCHLU"><S>ar</S> <T>an</T> <N pl="n" gnt="n" gnd="m">cuntar</N></E>? </line>
</teacs>
test html flag
În prezent se verificã triail.2
<br><br>1: Tabhair go leor leor de <b class=gramadoir>na</b> <b class=gramadoir>na</b> rudaí seo do do chara, a Chaoimhín. <br>
Repeated word.

<br><br>2: An bhfuil aon <b class=gramadoir>uaktar</b> reoite agat? <br>
Cuvânt necunoscut.

<br><br>3: An bhfuil <b class=gramadoir>ayn</b> uachtar <b class=gramadoir>roach</b> agat? <br>
Cuvânt necunoscut, Cuvânt necunoscut (se ignorã marcajul(remainder) în aceastã propoziþie).

<br><br>4: Bíonn an <b class=gramadoir>geál</b> ag satailt ar an dubh. <br>
Valid word but extremely rare in actual usage.

<br><br>5: Ní raibh líon mór daoine bainteach leis an <b class=gramadoir>scaifte</b> a bhí ag iarraidh mioscais a chothú. <br>
Formã nestandardizatã: mai bine folosiþi  /scata/?.

<br><br>6: Tá na <b class=gramadoir>lachain slachtmhara</b> ar eitilt. <br>
Indulgenþã(lenition) lipsã.

<br><br>7: Tá an Rialtas tar éis áit na Gaeilge i saol na tíre <b class=gramadoir>a ceistiú</b>. <br>
Indulgenþã(lenition) lipsã.

<br><br>8: Bhíodar ag rá ar an aonach gur agamsa a bhí na huain <b class=gramadoir>ab fearr</b>. <br>
Indulgenþã(lenition) lipsã.

<br><br>9: Ní bheidh <b class=gramadoir>ach mhallacht</b> i ndán dó ó na ciníocha agus fuath ó na náisiúin. <br>
Indulgenþã(lenition) nenecesarã.

<br><br>10: An bhfuil aon uachtar reoite <b class=gramadoir>ar an cuntar</b>? <br>
Mutaþie iniþialã lipsã.

test ionchod flag and ability to read from stdin
1: Tabhair go leor leor de na na rudaí seo do do chara, a Chaoimhín. 
Repeated word.

2: An bhfuil aon uaktar reoite agat? 
Cuvânt necunoscut.

3: An bhfuil ayn uachtar roach agat? 
Cuvânt necunoscut, Cuvânt necunoscut (se ignorã marcajul(remainder) în aceastã propoziþie).

4: Bíonn an geál ag satailt ar an dubh. 
Valid word but extremely rare in actual usage.

5: Ní raibh líon mór daoine bainteach leis an scaifte a bhí ag iarraidh mioscais a chothú. 
Formã nestandardizatã: mai bine folosiþi  /scata/?.

6: Tá na lachain slachtmhara ar eitilt. 
Indulgenþã(lenition) lipsã.

7: Tá an Rialtas tar éis áit na Gaeilge i saol na tíre a ceistiú. 
Indulgenþã(lenition) lipsã.

8: Bhíodar ag rá ar an aonach gur agamsa a bhí na huain ab fearr. 
Indulgenþã(lenition) lipsã.

9: Ní bheidh ach mhallacht i ndán dó ó na ciníocha agus fuath ó na náisiúin. 
Indulgenþã(lenition) nenecesarã.

10: An bhfuil aon uachtar reoite ar an cuntar? 
Mutaþie iniþialã lipsã.

test English
<?xml version="1.0" encoding="ISO-8859-1" standalone="no"?>
<!DOCTYPE teacs SYSTEM "/dtds/gramadoir.dtd">
<teacs>
<line uimhir="1"> <E msg="ANAITHNID"><X>GNU</X></E> <U>GENERAL</U> <U>PUBLIC</U> <U>LICENSE</U> <U>Version</U> 2, <U>June</U> 1991 <U>Copyright</U> (<E msg="ANAITHNIDSRL"><X>C</X></E>) 1989, 1991 <U>Free</U> <U>Software</U> <U>Foundation</U>, <U>Inc</U>. 675 <U>Mass</U> <U>Ave</U>, <U>Cambridge</U>, <X>MA</X> 02139, <X>USA</X> <U>Everyone</U> <U>is</U> <U>permitted</U> <U>to</U> <U>copy</U> <U>and</U> <U>distribute</U> <X>verbatim</X> <U>copies</U> <U>of</U> <U>this</U> <U>license</U> <U>document</U>, <U>but</U> <U>changing</U> <U>it</U> <U>is</U> <U>not</U> <U>allowed</U>. </line>
<line uimhir="9"> <E msg="ANAITHNID"><X>Preamble</X></E> <U>The</U> <U>licenses</U> <U>for</U> <U>most</U> <U>software</U> <U>are</U> <U>designed</U> <U>to</U> <U>take</U> <U>away</U> <U>your</U> <U>freedom</U> <U>to</U> <U>share</U> <U>and</U> <U>change</U> <U>it</U>. </line>
<line uimhir="12"> <U>By</U> <U>contrast</U>, <U>the</U> <E msg="ANAITHNID"><X>GNU</X></E> <U>General</U> <U>Public</U> <U>License</U> <U>is</U> <U>intended</U> <U>to</U> <U>guarantee</U> <U>your</U> <U>freedom</U> <U>to</U> <U>share</U> <U>and</U> <U>change</U> <U>free</U> <E msg="ANAITHNIDSRL"><X>software--to</X></E> <U>make</U> <U>sure</U> <U>the</U> <U>software</U> <U>is</U> <U>free</U> <U>for</U> <U>all</U> <U>its</U> <U>users</U>. </line>
<line uimhir="14"> <U>This</U> <U>General</U> <U>Public</U> <U>License</U> <U>applies</U> <U>to</U> <U>most</U> <U>of</U> <U>the</U> <U>Free</U> <U>Software</U> <U>Foundation's</U> <U>software</U> <U>and</U> <U>to</U> <U>any</U> <U>other</U> <U>program</U> <U>whose</U> <U>authors</U> <U>commit</U> <U>to</U> <U>using</U> <U>it</U>. </line>
<line uimhir="17"> (<U>Some</U> <U>other</U> <U>Free</U> <U>Software</U> <U>Foundation</U> <U>software</U> <U>is</U> <U>covered</U> <U>by</U> <U>the</U> <E msg="ANAITHNID"><X>GNU</X></E> <U>Library</U> <U>General</U> <U>Public</U> <U>License</U> <U>instead</U>.) </line>
<line uimhir="18"> <U>You</U> <U>can</U> <U>apply</U> <U>it</U> <U>to</U> <U>your</U> <U>programs</U>, <U>too</U>. </line>
<line uimhir="21"> <U>When</U> <U>we</U> <U>speak</U> <U>of</U> <U>free</U> <U>software</U>, <U>we</U> <U>are</U> <U>referring</U> <U>to</U> <U>freedom</U>, <U>not</U> <U>price</U>. </line>
<line uimhir="22"> <U>Our</U> <U>General</U> <U>Public</U> <U>Licenses</U> <U>are</U> <U>designed</U> <U>to</U> <U>make</U> <U>sure</U> <U>that</U> <U>you</U> <U>have</U> <U>the</U> <U>freedom</U> <U>to</U> <U>distribute</U> <U>copies</U> <U>of</U> <U>free</U> <U>software</U> (<U>and</U> <U>charge</U> <U>for</U> <U>this</U> <U>service</U> <U>if</U> <U>you</U> <U>wish</U>), <U>that</U> <U>you</U> <U>receive</U> <U>source</U> <U>code</U> <U>or</U> <U>can</U> <U>get</U> <U>it</U> <U>if</U> <U>you</U> <U>want</U> <U>it</U>, <U>that</U> <U>you</U> <U>can</U> <U>change</U> <U>the</U> <U>software</U> <U>or</U> <U>use</U> <U>pieces</U> <U>of</U> <U>it</U> <U>in</U> <U>new</U> <U>free</U> <U>programs</U>; <U>and</U> <U>that</U> <U>you</U> <U>know</U> <U>you</U> <U>can</U> <U>do</U> <U>these</U> <U>things</U>. </line>
<line uimhir="28"> <U>To</U> <U>protect</U> <U>your</U> <U>rights</U>, <U>we</U> <U>need</U> <U>to</U> <U>make</U> <U>restrictions</U> <U>that</U> <U>forbid</U> <U>anyone</U> <U>to</U> <U>deny</U> <U>you</U> <U>these</U> <U>rights</U> <U>or</U> <U>to</U> <U>ask</U> <U>you</U> <U>to</U> <U>surrender</U> <U>the</U> <U>rights</U>. </line>
<line uimhir="30"> <U>These</U> <U>restrictions</U> <U>translate</U> <U>to</U> <U>certain</U> <U>responsibilities</U> <U>for</U> <U>you</U> <U>if</U> <U>you</U> <U>distribute</U> <U>copies</U> <U>of</U> <U>the</U> <U>software</U>, <U>or</U> <U>if</U> <U>you</U> <U>modify</U> <U>it</U>. </line>
<line uimhir="33"> <U>For</U> <U>example</U>, <U>if</U> <U>you</U> <U>distribute</U> <U>copies</U> <U>of</U> <U>such</U> <U>a</U> <U>program</U>, <U>whether</U> <E msg="ANAITHNID"><X>gratis</X></E> <U>or</U> <U>for</U> <U>a</U> <U>fee</U>, <U>you</U> <U>must</U> <U>give</U> <U>the</U> <U>recipients</U> <U>all</U> <U>the</U> <U>rights</U> <U>that</U> <U>you</U> <U>have</U>. </line>
<line uimhir="35"> <U>You</U> <U>must</U> <U>make</U> <U>sure</U> <U>that</U> <U>they</U>, <U>too</U>, <U>receive</U> <U>or</U> <U>can</U> <U>get</U> <U>the</U> <U>source</U> <U>code</U>. </line>
<line uimhir="36"> <U>And</U> <U>you</U> <U>must</U> <U>show</U> <U>them</U> <U>these</U> <U>terms</U> <U>so</U> <U>they</U> <U>know</U> <U>their</U> <U>rights</U>. </line>
<line uimhir="39"> <U>We</U> <U>protect</U> <U>your</U> <U>rights</U> <U>with</U> <U>two</U> <U>steps</U>: (1) <U>copyright</U> <U>the</U> <U>software</U>, <U>and</U> (2) <U>offer</U> <U>you</U> <U>this</U> <U>license</U> <U>which</U> <U>gives</U> <U>you</U> <U>legal</U> <U>permission</U> <U>to</U> <U>copy</U>, <U>distribute</U> <U>and</U>/<U>or</U> <U>modify</U> <U>the</U> <U>software</U>. </line>
</teacs>
test English: ASCII character set
<?xml version="1.0" encoding="ISO-8859-1" standalone="no"?>
<!DOCTYPE teacs SYSTEM "/dtds/gramadoir.dtd">
<teacs>
<line uimhir="1"> <U>This</U> <U>string</U> <U>has</U> <E msg="ANAITHNID"><X>emb</X></E>é<E msg="ANAITHNIDSRL"><X>dded</X></E> <X>non-ASCII</X> <U>characters</U>! </line>
</teacs>
În prezent se verificã /dev/null
test help flag
Gebruik: gr [OPTIE] [BESTAND]

    --litriu       schrijf verkeerd gespelde woorden naar een standard output
    --html         creeer HTML output om te bekijken in een web browser
    --xml          write tagged XML stream to standard output, for debugging
    --iomlan       geef alle fouten aan (m.a.w. gebruik niet ~/.neamhshuim)
    --teanga=XX    Specificeer de taal van de betreffende text (default=ga)
    --ionchod=ENC  specificeer de character codering van de betreffende text
    --help         toon deze hulptekst en beëindig programma
    --version      toon versie-informatie en beëindig programma

Als geen bestand wordt gegeven, lees van standard invoering.

Meld fouten in het programma aan <scannell@slu.edu>.
test version flag
An Gramadóir, versie 0.3
Copyright (C) 2003 Kevin P. Scannell
Dit is vrije programmatuur; zie de broncode voor distributie-
voorwaarden. Er is GEEN garantie; zelfs niet voor VERKOOPBAARHEID of
GESCHIKTHEID VOOR EEN BEPAALD DOEL, zo ver als wettelijk mogelijk is.
test litriu flag
uaktar
ayn
roach
test xml flag
<?xml version="1.0" encoding="ISO-8859-1" standalone="no"?>
<!DOCTYPE teacs SYSTEM "/dtds/gramadoir.dtd">
<teacs>
<line uimhir="1"> <V p="2ú" t="ord">Tabhair</V> <U>go</U> <A pl="n" gnt="n">leor</A> <A pl="n" gnt="n">leor</A> <S>de</S> <T>na</T> <E msg="DUBAILTE"><T>na</T></E> <N pl="y" gnt="n" gnd="m">rudaí</N> <A pl="n" gnt="n">seo</A> <S>do</S> <S>do</S> <N pl="n" gnt="n" gnd="m">chara</N>, <D>a</D> <Y>Chaoimhín</Y>. </line>
<line uimhir="2"> <Q>An</Q> <V t="láith">bhfuil</V> <A pl="n" gnt="n">aon</A> <E msg="ANAITHNID"><X>uaktar</X></E> <A>reoite</A> <O>agat</O>? </line>
<line uimhir="3"> <Q>An</Q> <V t="láith">bhfuil</V> <E msg="ANAITHNID"><X>ayn</X></E> <N pl="n" gnt="n" gnd="m">uachtar</N> <E msg="ANAITHNIDSRL"><X>roach</X></E> <O>agat</O>? </line>
<line uimhir="4"> <V t="láith">Bíonn</V> <T>an</T> <E msg="NEAMHCHOIT"><F>geál</F></E> <S>ag</S> <N pl="n" gnt="n" gnd="f">satailt</N> <S>ar</S> <T>an</T> <N pl="n" gnt="n" gnd="m">dubh</N>. </line>
<line uimhir="5"> <U>Ní</U> <V p="xx" t="caite">raibh</V> <N pl="n" gnt="n" gnd="m">líon</N> <A pl="n" gnt="n">mór</A> <N pl="y" gnt="n" gnd="m">daoine</N> <A pl="n" gnt="n">bainteach</A> <S>leis</S> <T>an</T> <E msg="CAIGHDEAN{scata}"><Y>scaifte</Y></E> <U>a</U> <V p="xx" t="caite">bhí</V> <S>ag</S> <N pl="n" gnt="n" gnd="f">iarraidh</N> <N pl="n" gnt="n" gnd="f">mioscais</N> <S>a</S> <N pl="n" gnt="n" gnd="m">chothú</N>. </line>
<line uimhir="6"> <V t="láith">Tá</V> <T>na</T> <E msg="SEIMHIU"><N pl="y" gnt="n" gnd="f">lachain</N> <A pl="y" gnt="n">slachtmhara</A></E> <S>ar</S> <N pl="n" gnt="n" gnd="f">eitilt</N>. </line>
<line uimhir="7"> <V t="láith">Tá</V> <T>an</T> <N pl="n" gnt="n" gnd="m">Rialtas</N> <V p="2ú" t="ord">tar</V> <N pl="n" gnt="n">éis</N> <N pl="n" gnt="n" gnd="f">áit</N> <T>na</T> <N pl="n" gnt="y" gnd="f">Gaeilge</N> <S>i</S> <N pl="n" gnt="n" gnd="m">saol</N> <T>na</T> <N pl="n" gnt="y" gnd="f">tíre</N> <E msg="SEIMHIU"><S>a</S> <N pl="n" gnt="n" gnd="m">ceistiú</N></E>. </line>
<line uimhir="8"> <V pl="y" p="3ú" t="caite">Bhíodar</V> <S>ag</S> <N pl="n" gnt="n" gnd="m">rá</N> <S>ar</S> <T>an</T> <N pl="n" gnt="n" gnd="m">aonach</N> <V>gur</V> <O em="y">agamsa</O> <U>a</U> <V p="xx" t="caite">bhí</V> <T>na</T> <B><Z><N pl="n" gnt="n" gnd="f" h="y"/><N pl="n" gnt="y" gnd="m" h="y"/><N pl="y" gnt="n" gnd="m" h="y"/></Z>huain</B> <E msg="SEIMHIU"><V>ab</V> <A pl="n" gnt="y" gnd="f">fearr</A></E>. </line>
<line uimhir="9"> <U>Ní</U> <V t="fáist">bheidh</V> <E msg="NISEIMHIU"><S>ach</S> <N pl="n" gnt="n" gnd="f">mhallacht</N></E> <S>i</S> <N pl="n" gnt="n" gnd="m">ndán</N> <O>dó</O> <S>ó</S> <T>na</T> <N pl="y" gnt="n" gnd="m">ciníocha</N> <C>agus</C> <N pl="n" gnt="n" gnd="m">fuath</N> <S>ó</S> <T>na</T> <N pl="y" gnt="n" gnd="m">náisiúin</N>. </line>
<line uimhir="10"> <Q>An</Q> <V t="láith">bhfuil</V> <A pl="n" gnt="n">aon</A> <N pl="n" gnt="n" gnd="m">uachtar</N> <A>reoite</A> <E msg="CLAOCHLU"><S>ar</S> <T>an</T> <N pl="n" gnt="n" gnd="m">cuntar</N></E>? </line>
</teacs>
test html flag
Word momenteel nagekeken
<br><br>1: Tabhair go leor leor de <b class=gramadoir>na</b> <b class=gramadoir>na</b> rudaí seo do do chara, a Chaoimhín. <br>
Herhaald woord.

<br><br>2: An bhfuil aon <b class=gramadoir>uaktar</b> reoite agat? <br>
Onbekend woord.

<br><br>3: An bhfuil <b class=gramadoir>ayn</b> uachtar <b class=gramadoir>roach</b> agat? <br>
Onbekend woord, Onbekend word (de rest van deze zin word genegeerd).

<br><br>4: Bíonn an <b class=gramadoir>geál</b> ag satailt ar an dubh. <br>
Correct woord, maar erg zeldzaam in waarlijk gebruik.

<br><br>5: Ní raibh líon mór daoine bainteach leis an <b class=gramadoir>scaifte</b> a bhí ag iarraidh mioscais a chothú. <br>
Geen standard vorm: gebruik misschien /scata/?.

<br><br>6: Tá na <b class=gramadoir>lachain slachtmhara</b> ar eitilt. <br>
Lenitie (verzachting) ontbreekt.

<br><br>7: Tá an Rialtas tar éis áit na Gaeilge i saol na tíre <b class=gramadoir>a ceistiú</b>. <br>
Lenitie (verzachting) ontbreekt.

<br><br>8: Bhíodar ag rá ar an aonach gur agamsa a bhí na huain <b class=gramadoir>ab fearr</b>. <br>
Lenitie (verzachting) ontbreekt.

<br><br>9: Ní bheidh <b class=gramadoir>ach mhallacht</b> i ndán dó ó na ciníocha agus fuath ó na náisiúin. <br>
Onnodige lenitie.

<br><br>10: An bhfuil aon uachtar reoite <b class=gramadoir>ar an cuntar</b>? <br>
Begin mutatie ontbreekt.

test ionchod flag and ability to read from stdin
1: Tabhair go leor leor de na na rudaí seo do do chara, a Chaoimhín. 
Herhaald woord.

2: An bhfuil aon uaktar reoite agat? 
Onbekend woord.

3: An bhfuil ayn uachtar roach agat? 
Onbekend woord, Onbekend word (de rest van deze zin word genegeerd).

4: Bíonn an geál ag satailt ar an dubh. 
Correct woord, maar erg zeldzaam in waarlijk gebruik.

5: Ní raibh líon mór daoine bainteach leis an scaifte a bhí ag iarraidh mioscais a chothú. 
Geen standard vorm: gebruik misschien /scata/?.

6: Tá na lachain slachtmhara ar eitilt. 
Lenitie (verzachting) ontbreekt.

7: Tá an Rialtas tar éis áit na Gaeilge i saol na tíre a ceistiú. 
Lenitie (verzachting) ontbreekt.

8: Bhíodar ag rá ar an aonach gur agamsa a bhí na huain ab fearr. 
Lenitie (verzachting) ontbreekt.

9: Ní bheidh ach mhallacht i ndán dó ó na ciníocha agus fuath ó na náisiúin. 
Onnodige lenitie.

10: An bhfuil aon uachtar reoite ar an cuntar? 
Begin mutatie ontbreekt.

test English
<?xml version="1.0" encoding="ISO-8859-1" standalone="no"?>
<!DOCTYPE teacs SYSTEM "/dtds/gramadoir.dtd">
<teacs>
<line uimhir="1"> <E msg="ANAITHNID"><X>GNU</X></E> <U>GENERAL</U> <U>PUBLIC</U> <U>LICENSE</U> <U>Version</U> 2, <U>June</U> 1991 <U>Copyright</U> (<E msg="ANAITHNIDSRL"><X>C</X></E>) 1989, 1991 <U>Free</U> <U>Software</U> <U>Foundation</U>, <U>Inc</U>. 675 <U>Mass</U> <U>Ave</U>, <U>Cambridge</U>, <X>MA</X> 02139, <X>USA</X> <U>Everyone</U> <U>is</U> <U>permitted</U> <U>to</U> <U>copy</U> <U>and</U> <U>distribute</U> <X>verbatim</X> <U>copies</U> <U>of</U> <U>this</U> <U>license</U> <U>document</U>, <U>but</U> <U>changing</U> <U>it</U> <U>is</U> <U>not</U> <U>allowed</U>. </line>
<line uimhir="9"> <E msg="ANAITHNID"><X>Preamble</X></E> <U>The</U> <U>licenses</U> <U>for</U> <U>most</U> <U>software</U> <U>are</U> <U>designed</U> <U>to</U> <U>take</U> <U>away</U> <U>your</U> <U>freedom</U> <U>to</U> <U>share</U> <U>and</U> <U>change</U> <U>it</U>. </line>
<line uimhir="12"> <U>By</U> <U>contrast</U>, <U>the</U> <E msg="ANAITHNID"><X>GNU</X></E> <U>General</U> <U>Public</U> <U>License</U> <U>is</U> <U>intended</U> <U>to</U> <U>guarantee</U> <U>your</U> <U>freedom</U> <U>to</U> <U>share</U> <U>and</U> <U>change</U> <U>free</U> <E msg="ANAITHNIDSRL"><X>software--to</X></E> <U>make</U> <U>sure</U> <U>the</U> <U>software</U> <U>is</U> <U>free</U> <U>for</U> <U>all</U> <U>its</U> <U>users</U>. </line>
<line uimhir="14"> <U>This</U> <U>General</U> <U>Public</U> <U>License</U> <U>applies</U> <U>to</U> <U>most</U> <U>of</U> <U>the</U> <U>Free</U> <U>Software</U> <U>Foundation's</U> <U>software</U> <U>and</U> <U>to</U> <U>any</U> <U>other</U> <U>program</U> <U>whose</U> <U>authors</U> <U>commit</U> <U>to</U> <U>using</U> <U>it</U>. </line>
<line uimhir="17"> (<U>Some</U> <U>other</U> <U>Free</U> <U>Software</U> <U>Foundation</U> <U>software</U> <U>is</U> <U>covered</U> <U>by</U> <U>the</U> <E msg="ANAITHNID"><X>GNU</X></E> <U>Library</U> <U>General</U> <U>Public</U> <U>License</U> <U>instead</U>.) </line>
<line uimhir="18"> <U>You</U> <U>can</U> <U>apply</U> <U>it</U> <U>to</U> <U>your</U> <U>programs</U>, <U>too</U>. </line>
<line uimhir="21"> <U>When</U> <U>we</U> <U>speak</U> <U>of</U> <U>free</U> <U>software</U>, <U>we</U> <U>are</U> <U>referring</U> <U>to</U> <U>freedom</U>, <U>not</U> <U>price</U>. </line>
<line uimhir="22"> <U>Our</U> <U>General</U> <U>Public</U> <U>Licenses</U> <U>are</U> <U>designed</U> <U>to</U> <U>make</U> <U>sure</U> <U>that</U> <U>you</U> <U>have</U> <U>the</U> <U>freedom</U> <U>to</U> <U>distribute</U> <U>copies</U> <U>of</U> <U>free</U> <U>software</U> (<U>and</U> <U>charge</U> <U>for</U> <U>this</U> <U>service</U> <U>if</U> <U>you</U> <U>wish</U>), <U>that</U> <U>you</U> <U>receive</U> <U>source</U> <U>code</U> <U>or</U> <U>can</U> <U>get</U> <U>it</U> <U>if</U> <U>you</U> <U>want</U> <U>it</U>, <U>that</U> <U>you</U> <U>can</U> <U>change</U> <U>the</U> <U>software</U> <U>or</U> <U>use</U> <U>pieces</U> <U>of</U> <U>it</U> <U>in</U> <U>new</U> <U>free</U> <U>programs</U>; <U>and</U> <U>that</U> <U>you</U> <U>know</U> <U>you</U> <U>can</U> <U>do</U> <U>these</U> <U>things</U>. </line>
<line uimhir="28"> <U>To</U> <U>protect</U> <U>your</U> <U>rights</U>, <U>we</U> <U>need</U> <U>to</U> <U>make</U> <U>restrictions</U> <U>that</U> <U>forbid</U> <U>anyone</U> <U>to</U> <U>deny</U> <U>you</U> <U>these</U> <U>rights</U> <U>or</U> <U>to</U> <U>ask</U> <U>you</U> <U>to</U> <U>surrender</U> <U>the</U> <U>rights</U>. </line>
<line uimhir="30"> <U>These</U> <U>restrictions</U> <U>translate</U> <U>to</U> <U>certain</U> <U>responsibilities</U> <U>for</U> <U>you</U> <U>if</U> <U>you</U> <U>distribute</U> <U>copies</U> <U>of</U> <U>the</U> <U>software</U>, <U>or</U> <U>if</U> <U>you</U> <U>modify</U> <U>it</U>. </line>
<line uimhir="33"> <U>For</U> <U>example</U>, <U>if</U> <U>you</U> <U>distribute</U> <U>copies</U> <U>of</U> <U>such</U> <U>a</U> <U>program</U>, <U>whether</U> <E msg="ANAITHNID"><X>gratis</X></E> <U>or</U> <U>for</U> <U>a</U> <U>fee</U>, <U>you</U> <U>must</U> <U>give</U> <U>the</U> <U>recipients</U> <U>all</U> <U>the</U> <U>rights</U> <U>that</U> <U>you</U> <U>have</U>. </line>
<line uimhir="35"> <U>You</U> <U>must</U> <U>make</U> <U>sure</U> <U>that</U> <U>they</U>, <U>too</U>, <U>receive</U> <U>or</U> <U>can</U> <U>get</U> <U>the</U> <U>source</U> <U>code</U>. </line>
<line uimhir="36"> <U>And</U> <U>you</U> <U>must</U> <U>show</U> <U>them</U> <U>these</U> <U>terms</U> <U>so</U> <U>they</U> <U>know</U> <U>their</U> <U>rights</U>. </line>
<line uimhir="39"> <U>We</U> <U>protect</U> <U>your</U> <U>rights</U> <U>with</U> <U>two</U> <U>steps</U>: (1) <U>copyright</U> <U>the</U> <U>software</U>, <U>and</U> (2) <U>offer</U> <U>you</U> <U>this</U> <U>license</U> <U>which</U> <U>gives</U> <U>you</U> <U>legal</U> <U>permission</U> <U>to</U> <U>copy</U>, <U>distribute</U> <U>and</U>/<U>or</U> <U>modify</U> <U>the</U> <U>software</U>. </line>
</teacs>
test English: ASCII character set
<?xml version="1.0" encoding="ISO-8859-1" standalone="no"?>
<!DOCTYPE teacs SYSTEM "/dtds/gramadoir.dtd">
<teacs>
<line uimhir="1"> <U>This</U> <U>string</U> <U>has</U> <E msg="ANAITHNID"><X>emb</X></E>é<E msg="ANAITHNIDSRL"><X>dded</X></E> <X>non-ASCII</X> <U>characters</U>! </line>
</teacs>
Word momenteel nagekeken
